{"@timestamp":"2023-12-29T22:33:50.290+08:00","@version":1,"message":"jetty-11.0.15; built: 2023-04-11T18:37:53.775Z; git: 5bc5e562c8d05c5862505aebe5cf83a61bdbcb96; jvm 17.0.8+0","logger_name":"org.eclipse.jetty.server.Server","thread_name":"main","level":"INFO","level_value":20000}
{"@timestamp":"2023-12-29T22:33:50.345+08:00","@version":1,"message":"Session workerName=node0","logger_name":"org.eclipse.jetty.server.session.DefaultSessionIdManager","thread_name":"main","level":"INFO","level_value":20000}
{"@timestamp":"2023-12-29T22:33:50.775+08:00","@version":1,"message":"Started o.e.j.s.ServletContextHandler@755a7218{/,null,AVAILABLE}","logger_name":"org.eclipse.jetty.server.handler.ContextHandler","thread_name":"main","level":"INFO","level_value":20000}
{"@timestamp":"2023-12-29T22:33:50.783+08:00","@version":1,"message":"Started ServerConnector@4b790d86{HTTP/1.1, (http/1.1)}{0.0.0.0:8080}","logger_name":"org.eclipse.jetty.server.AbstractConnector","thread_name":"main","level":"INFO","level_value":20000}
{"@timestamp":"2023-12-29T22:33:50.785+08:00","@version":1,"message":"Started Server@15c4af7a{STARTING}[11.0.15,sto=0] @2838ms","logger_name":"org.eclipse.jetty.server.Server","thread_name":"main","level":"INFO","level_value":20000}
{"@timestamp":"2023-12-29T22:33:51.285+08:00","@version":1,"message":"Stopped Server@15c4af7a{STOPPING}[11.0.15,sto=0]","logger_name":"org.eclipse.jetty.server.Server","thread_name":"main","level":"INFO","level_value":20000}
{"@timestamp":"2023-12-29T22:33:51.290+08:00","@version":1,"message":"Stopped ServerConnector@4b790d86{HTTP/1.1, (http/1.1)}{0.0.0.0:8080}","logger_name":"org.eclipse.jetty.server.AbstractConnector","thread_name":"main","level":"INFO","level_value":20000}
{"@timestamp":"2023-12-29T22:33:51.295+08:00","@version":1,"message":"Stopped o.e.j.s.ServletContextHandler@755a7218{/,null,STOPPED}","logger_name":"org.eclipse.jetty.server.handler.ContextHandler","thread_name":"main","level":"INFO","level_value":20000}
{"@timestamp":"2023-12-29T22:33:51.311+08:00","@version":1,"message":"jetty-11.0.15; built: 2023-04-11T18:37:53.775Z; git: 5bc5e562c8d05c5862505aebe5cf83a61bdbcb96; jvm 17.0.8+0","logger_name":"org.eclipse.jetty.server.Server","thread_name":"main","level":"INFO","level_value":20000}
{"@timestamp":"2023-12-29T22:33:51.313+08:00","@version":1,"message":"Session workerName=node0","logger_name":"org.eclipse.jetty.server.session.DefaultSessionIdManager","thread_name":"main","level":"INFO","level_value":20000}
{"@timestamp":"2023-12-29T22:33:51.386+08:00","@version":1,"message":"Started o.e.j.s.ServletContextHandler@3bf5911d{/,null,AVAILABLE}","logger_name":"org.eclipse.jetty.server.handler.ContextHandler","thread_name":"main","level":"INFO","level_value":20000}
{"@timestamp":"2023-12-29T22:33:51.387+08:00","@version":1,"message":"Started ServerConnector@29f3185c{HTTP/1.1, (http/1.1)}{0.0.0.0:8080}","logger_name":"org.eclipse.jetty.server.AbstractConnector","thread_name":"main","level":"INFO","level_value":20000}
{"@timestamp":"2023-12-29T22:33:51.388+08:00","@version":1,"message":"Started Server@118fbaf0{STARTING}[11.0.15,sto=0] @3440ms","logger_name":"org.eclipse.jetty.server.Server","thread_name":"main","level":"INFO","level_value":20000}
{"@timestamp":"2023-12-29T22:33:51.457+08:00","@version":1,"message":"Stopped Server@118fbaf0{STOPPING}[11.0.15,sto=0]","logger_name":"org.eclipse.jetty.server.Server","thread_name":"main","level":"INFO","level_value":20000}
{"@timestamp":"2023-12-29T22:33:51.459+08:00","@version":1,"message":"Stopped ServerConnector@29f3185c{HTTP/1.1, (http/1.1)}{0.0.0.0:8080}","logger_name":"org.eclipse.jetty.server.AbstractConnector","thread_name":"main","level":"INFO","level_value":20000}
{"@timestamp":"2023-12-29T22:33:51.461+08:00","@version":1,"message":"Stopped o.e.j.s.ServletContextHandler@3bf5911d{/,null,STOPPED}","logger_name":"org.eclipse.jetty.server.handler.ContextHandler","thread_name":"main","level":"INFO","level_value":20000}
{"@timestamp":"2023-12-29T22:36:29.972+08:00","@version":1,"message":"jetty-11.0.15; built: 2023-04-11T18:37:53.775Z; git: 5bc5e562c8d05c5862505aebe5cf83a61bdbcb96; jvm 17.0.8+0","logger_name":"org.eclipse.jetty.server.Server","thread_name":"main","level":"INFO","level_value":20000}
{"@timestamp":"2023-12-29T22:36:30.025+08:00","@version":1,"message":"Session workerName=node0","logger_name":"org.eclipse.jetty.server.session.DefaultSessionIdManager","thread_name":"main","level":"INFO","level_value":20000}
{"@timestamp":"2023-12-29T22:36:30.468+08:00","@version":1,"message":"Started o.e.j.s.ServletContextHandler@58a7dc4{/,null,AVAILABLE}","logger_name":"org.eclipse.jetty.server.handler.ContextHandler","thread_name":"main","level":"INFO","level_value":20000}
{"@timestamp":"2023-12-29T22:36:30.476+08:00","@version":1,"message":"Started ServerConnector@61cd1c71{HTTP/1.1, (http/1.1)}{0.0.0.0:8080}","logger_name":"org.eclipse.jetty.server.AbstractConnector","thread_name":"main","level":"INFO","level_value":20000}
{"@timestamp":"2023-12-29T22:36:30.479+08:00","@version":1,"message":"Started Server@29a98d9f{STARTING}[11.0.15,sto=0] @2320ms","logger_name":"org.eclipse.jetty.server.Server","thread_name":"main","level":"INFO","level_value":20000}
{"@timestamp":"2023-12-29T22:36:30.995+08:00","@version":1,"message":"Stopped Server@29a98d9f{STOPPING}[11.0.15,sto=0]","logger_name":"org.eclipse.jetty.server.Server","thread_name":"main","level":"INFO","level_value":20000}
{"@timestamp":"2023-12-29T22:36:31.000+08:00","@version":1,"message":"Stopped ServerConnector@61cd1c71{HTTP/1.1, (http/1.1)}{0.0.0.0:8080}","logger_name":"org.eclipse.jetty.server.AbstractConnector","thread_name":"main","level":"INFO","level_value":20000}
{"@timestamp":"2023-12-29T22:36:31.005+08:00","@version":1,"message":"Stopped o.e.j.s.ServletContextHandler@58a7dc4{/,null,STOPPED}","logger_name":"org.eclipse.jetty.server.handler.ContextHandler","thread_name":"main","level":"INFO","level_value":20000}
{"@timestamp":"2023-12-29T22:36:31.021+08:00","@version":1,"message":"jetty-11.0.15; built: 2023-04-11T18:37:53.775Z; git: 5bc5e562c8d05c5862505aebe5cf83a61bdbcb96; jvm 17.0.8+0","logger_name":"org.eclipse.jetty.server.Server","thread_name":"main","level":"INFO","level_value":20000}
{"@timestamp":"2023-12-29T22:36:31.022+08:00","@version":1,"message":"Session workerName=node0","logger_name":"org.eclipse.jetty.server.session.DefaultSessionIdManager","thread_name":"main","level":"INFO","level_value":20000}
{"@timestamp":"2023-12-29T22:36:31.114+08:00","@version":1,"message":"Started o.e.j.s.ServletContextHandler@7e38e254{/,null,AVAILABLE}","logger_name":"org.eclipse.jetty.server.handler.ContextHandler","thread_name":"main","level":"INFO","level_value":20000}
{"@timestamp":"2023-12-29T22:36:31.115+08:00","@version":1,"message":"Started ServerConnector@208f7165{HTTP/1.1, (http/1.1)}{0.0.0.0:8080}","logger_name":"org.eclipse.jetty.server.AbstractConnector","thread_name":"main","level":"INFO","level_value":20000}
{"@timestamp":"2023-12-29T22:36:31.115+08:00","@version":1,"message":"Started Server@50b4364{STARTING}[11.0.15,sto=0] @2957ms","logger_name":"org.eclipse.jetty.server.Server","thread_name":"main","level":"INFO","level_value":20000}
{"@timestamp":"2023-12-29T22:36:31.168+08:00","@version":1,"message":"Stopped Server@50b4364{STOPPING}[11.0.15,sto=0]","logger_name":"org.eclipse.jetty.server.Server","thread_name":"main","level":"INFO","level_value":20000}
{"@timestamp":"2023-12-29T22:36:31.169+08:00","@version":1,"message":"Stopped ServerConnector@208f7165{HTTP/1.1, (http/1.1)}{0.0.0.0:8080}","logger_name":"org.eclipse.jetty.server.AbstractConnector","thread_name":"main","level":"INFO","level_value":20000}
{"@timestamp":"2023-12-29T22:36:31.172+08:00","@version":1,"message":"Stopped o.e.j.s.ServletContextHandler@7e38e254{/,null,STOPPED}","logger_name":"org.eclipse.jetty.server.handler.ContextHandler","thread_name":"main","level":"INFO","level_value":20000}
{"@timestamp":"2023-12-29T22:36:35.310+08:00","@version":1,"message":"Image name substitution will be performed by: DefaultImageNameSubstitutor (composite of 'ConfigurationFileImageNameSubstitutor' and 'PrefixingImageNameSubstitutor')","logger_name":"org.testcontainers.utility.ImageNameSubstitutor","thread_name":"main","level":"INFO","level_value":20000}
{"@timestamp":"2023-12-29T22:36:35.563+08:00","@version":1,"message":"Loaded org.testcontainers.dockerclient.UnixSocketClientProviderStrategy from ~/.testcontainers.properties, will try it first","logger_name":"org.testcontainers.dockerclient.DockerClientProviderStrategy","thread_name":"main","level":"INFO","level_value":20000}
{"@timestamp":"2023-12-29T22:36:35.852+08:00","@version":1,"message":"Found Docker environment with local Unix socket (unix:///var/run/docker.sock)","logger_name":"org.testcontainers.dockerclient.DockerClientProviderStrategy","thread_name":"main","level":"INFO","level_value":20000}
{"@timestamp":"2023-12-29T22:36:35.853+08:00","@version":1,"message":"Docker host IP address is localhost","logger_name":"org.testcontainers.DockerClientFactory","thread_name":"main","level":"INFO","level_value":20000}
{"@timestamp":"2023-12-29T22:36:35.872+08:00","@version":1,"message":"Connected to docker: \n  Server Version: 24.0.5\n  API Version: 1.43\n  Operating System: Docker Desktop\n  Total Memory: 7859 MB","logger_name":"org.testcontainers.DockerClientFactory","thread_name":"main","level":"INFO","level_value":20000}
{"@timestamp":"2023-12-29T22:36:35.904+08:00","@version":1,"message":"Pulling docker image: testcontainers/ryuk:0.5.1. Please be patient; this may take some time but only needs to be done once.","logger_name":"tc.testcontainers/ryuk:0.5.1","thread_name":"main","level":"INFO","level_value":20000}
{"@timestamp":"2023-12-29T22:36:36.371+08:00","@version":1,"message":"Credential helper/store (docker-credential-desktop) does not have credentials for https://index.docker.io/v1/","logger_name":"org.testcontainers.utility.RegistryAuthLocator","thread_name":"main","level":"INFO","level_value":20000}
{"@timestamp":"2023-12-29T22:36:39.822+08:00","@version":1,"message":"Starting to pull image","logger_name":"tc.testcontainers/ryuk:0.5.1","thread_name":"docker-java-stream--1761815518","level":"INFO","level_value":20000}
{"@timestamp":"2023-12-29T22:36:39.841+08:00","@version":1,"message":"Pulling image layers:  0 pending,  0 downloaded,  0 extracted, (0 bytes/0 bytes)","logger_name":"tc.testcontainers/ryuk:0.5.1","thread_name":"docker-java-stream--1761815518","level":"INFO","level_value":20000}
{"@timestamp":"2023-12-29T22:36:42.481+08:00","@version":1,"message":"Pulling image layers:  2 pending,  1 downloaded,  0 extracted, (773 KB/? MB)","logger_name":"tc.testcontainers/ryuk:0.5.1","thread_name":"docker-java-stream--1761815518","level":"INFO","level_value":20000}
{"@timestamp":"2023-12-29T22:36:44.170+08:00","@version":1,"message":"Pulling image layers:  1 pending,  2 downloaded,  0 extracted, (5 MB/? MB)","logger_name":"tc.testcontainers/ryuk:0.5.1","thread_name":"docker-java-stream--1761815518","level":"INFO","level_value":20000}
{"@timestamp":"2023-12-29T22:36:44.258+08:00","@version":1,"message":"Pulling image layers:  0 pending,  3 downloaded,  0 extracted, (5 MB/5 MB)","logger_name":"tc.testcontainers/ryuk:0.5.1","thread_name":"docker-java-stream--1761815518","level":"INFO","level_value":20000}
{"@timestamp":"2023-12-29T22:36:44.424+08:00","@version":1,"message":"Pulling image layers:  0 pending,  3 downloaded,  1 extracted, (5 MB/5 MB)","logger_name":"tc.testcontainers/ryuk:0.5.1","thread_name":"docker-java-stream--1761815518","level":"INFO","level_value":20000}
{"@timestamp":"2023-12-29T22:36:44.564+08:00","@version":1,"message":"Pulling image layers:  0 pending,  3 downloaded,  2 extracted, (5 MB/5 MB)","logger_name":"tc.testcontainers/ryuk:0.5.1","thread_name":"docker-java-stream--1761815518","level":"INFO","level_value":20000}
{"@timestamp":"2023-12-29T22:36:44.635+08:00","@version":1,"message":"Pulling image layers:  0 pending,  3 downloaded,  3 extracted, (5 MB/5 MB)","logger_name":"tc.testcontainers/ryuk:0.5.1","thread_name":"docker-java-stream--1761815518","level":"INFO","level_value":20000}
{"@timestamp":"2023-12-29T22:36:44.648+08:00","@version":1,"message":"Pull complete. 3 layers, pulled in 4s (downloaded 5 MB at 1 MB/s)","logger_name":"tc.testcontainers/ryuk:0.5.1","thread_name":"docker-java-stream--1761815518","level":"INFO","level_value":20000}
{"@timestamp":"2023-12-29T22:36:44.684+08:00","@version":1,"message":"Creating container for image: testcontainers/ryuk:0.5.1","logger_name":"tc.testcontainers/ryuk:0.5.1","thread_name":"main","level":"INFO","level_value":20000}
{"@timestamp":"2023-12-29T22:36:44.804+08:00","@version":1,"message":"Container testcontainers/ryuk:0.5.1 is starting: 4b42e90ad91f2aa5b61ba4430e701a5225f1c1ac4b14175add0e40e67f9b2aff","logger_name":"tc.testcontainers/ryuk:0.5.1","thread_name":"main","level":"INFO","level_value":20000}
{"@timestamp":"2023-12-29T22:36:45.094+08:00","@version":1,"message":"Container testcontainers/ryuk:0.5.1 started in PT9.216075S","logger_name":"tc.testcontainers/ryuk:0.5.1","thread_name":"main","level":"INFO","level_value":20000}
{"@timestamp":"2023-12-29T22:36:45.101+08:00","@version":1,"message":"Ryuk started - will monitor and terminate Testcontainers containers on JVM exit","logger_name":"org.testcontainers.utility.RyukResourceReaper","thread_name":"main","level":"INFO","level_value":20000}
{"@timestamp":"2023-12-29T22:36:45.101+08:00","@version":1,"message":"Checking the system...","logger_name":"org.testcontainers.DockerClientFactory","thread_name":"main","level":"INFO","level_value":20000}
{"@timestamp":"2023-12-29T22:36:45.101+08:00","@version":1,"message":"\u2714\uFE0E Docker server version should be at least 1.6.0","logger_name":"org.testcontainers.DockerClientFactory","thread_name":"main","level":"INFO","level_value":20000}
{"@timestamp":"2023-12-29T22:36:47.302+08:00","@version":1,"message":"Pre-emptively checking local images for 'ubuntu:22.04', referenced via a Dockerfile. If not available, it will be pulled.","logger_name":"org.testcontainers.images.builder.ImageFromDockerfile","thread_name":"main","level":"INFO","level_value":20000}
{"@timestamp":"2023-12-29T22:36:47.304+08:00","@version":1,"message":"Transferred 0 bytes to Docker daemon","logger_name":"org.testcontainers.images.builder.ImageFromDockerfile","thread_name":"main","level":"INFO","level_value":20000}
